<?xml version="1.0" encoding="UTF-8"?>
<!-- Generated by org.testng.reporters.JUnitXMLReporter -->
<testsuite hostname="BOS-LAP-MDRASUL" ignored="0" name="Default test" tests="3" failures="0" timestamp="09 Oct 2020 16:14:22 GMT" time="3.276" errors="0">
  <testcase name="crateTenantUsingPostMethod" time="2.27" classname="com.amwell.TenantAPI.TestCase.TenantServiceAutomatedTest"/>
  <testcase name="getTenantInfoUsingGetMethod" time="0.464" classname="com.amwell.TenantAPI.TestCase.TenantServiceAutomatedTest"/>
  <testcase name="updateTenantInfoUsingPutMethod" time="0.525" classname="com.amwell.TenantAPI.TestCase.TenantServiceAutomatedTest"/>
</testsuite> <!-- Default test -->
