<?xml version="1.0" encoding="UTF-8"?>
<!-- Generated by org.testng.reporters.JUnitXMLReporter -->
<testsuite hostname="BOS-LAP-MDRASUL" ignored="1" name="Default test" tests="3" failures="0" timestamp="28 Jul 2020 18:35:55 GMT" time="108.185" errors="0">
  <testcase name="webTectCheckInternetTest" time="82.835" classname="com.americanwell.autotest_web.techCheck.WebTechCheck_Test"/>
  <testcase name="webTectCheckMicTest" time="8.996" classname="com.americanwell.autotest_web.techCheck.WebTechCheck_Test"/>
  <testcase name="webTectCheckSpeakerTest" time="9.412" classname="com.americanwell.autotest_web.techCheck.WebTechCheck_Test"/>
  <testcase name="fullTestonAllDevice" time="0.0" classname="com.americanwell.autotest_web.techCheck.WebTechCheck_Test">
    <ignored/>
  </testcase> <!-- fullTestonAllDevice -->
</testsuite> <!-- Default test -->
