<?xml version="1.0" encoding="UTF-8"?>
<!-- Generated by org.testng.reporters.JUnitXMLReporter -->
<testsuite hostname="BOS-LAP-MDRASUL" ignored="3" name="Web Tech Widget Check Test" tests="2" failures="1" timestamp="07 Aug 2020 00:00:48 GMT" time="14.192" errors="0">
  <testcase name="webTectCheckMicTest" time="4.278" classname="com.americanwell.autotest_web.techCheck.WebTechCheck_Test"/>
  <testcase name="fullTestonAllDevice" time="6.253" classname="com.americanwell.autotest_web.techCheck.WebTechCheck_Test">
    <failure type="org.openqa.selenium.NoSuchSessionException" message="Session ID is null. Using WebDriver after calling quit()?
Build info: version: &amp;apos;3.141.59&amp;apos;, revision: &amp;apos;e82be7d358&amp;apos;, time: &amp;apos;2018-11-14T08:17:03&amp;apos;
System info: host: &amp;apos;BOS-LAP-MDRASUL&amp;apos;, ip: &amp;apos;10.7.5.49&amp;apos;, os.name: &amp;apos;Windows 10&amp;apos;, os.arch: &amp;apos;amd64&amp;apos;, os.version: &amp;apos;10.0&amp;apos;, java.version: &amp;apos;1.8.0_261&amp;apos;
Driver info: driver.version: RemoteWebDriver">
      <![CDATA[org.openqa.selenium.NoSuchSessionException: Session ID is null. Using WebDriver after calling quit()?
Build info: version: '3.141.59', revision: 'e82be7d358', time: '2018-11-14T08:17:03'
System info: host: 'BOS-LAP-MDRASUL', ip: '10.7.5.49', os.name: 'Windows 10', os.arch: 'amd64', os.version: '10.0', java.version: '1.8.0_261'
Driver info: driver.version: RemoteWebDriver
at org.openqa.selenium.remote.HttpCommandExecutor.execute(HttpCommandExecutor.java:125)
at org.openqa.selenium.remote.service.DriverCommandExecutor.execute(DriverCommandExecutor.java:83)
at org.openqa.selenium.remote.RemoteWebDriver.execute(RemoteWebDriver.java:552)
at org.openqa.selenium.remote.RemoteWebDriver.findElement(RemoteWebDriver.java:323)
at org.openqa.selenium.remote.RemoteWebDriver.findElementByXPath(RemoteWebDriver.java:428)
at org.openqa.selenium.By$ByXPath.findElement(By.java:353)
at org.openqa.selenium.remote.RemoteWebDriver.findElement(RemoteWebDriver.java:315)
at org.openqa.selenium.support.pagefactory.DefaultElementLocator.findElement(DefaultElementLocator.java:69)
at org.openqa.selenium.support.pagefactory.internal.LocatingElementHandler.invoke(LocatingElementHandler.java:38)
at com.sun.proxy.$Proxy32.click(Unknown Source)
at com.americanwell.web.techCheckPages.BasePage.clickYes(BasePage.java:109)
at com.americanwell.web.techCheckPages.TechCheckPage.letsGetStartWithMicrofoneYes(TechCheckPage.java:100)
at com.americanwell.autotest_web.techCheck.WebTechCheck_Test.fullTestonAllDevice(WebTechCheck_Test.java:75)
at sun.reflect.NativeMethodAccessorImpl.invoke0(Native Method)
at sun.reflect.NativeMethodAccessorImpl.invoke(Unknown Source)
at sun.reflect.DelegatingMethodAccessorImpl.invoke(Unknown Source)
at java.lang.reflect.Method.invoke(Unknown Source)
at org.testng.internal.MethodInvocationHelper.invokeMethod(MethodInvocationHelper.java:124)
at org.testng.internal.Invoker.invokeMethod(Invoker.java:583)
at org.testng.internal.Invoker.invokeTestMethod(Invoker.java:719)
at org.testng.internal.Invoker.invokeTestMethods(Invoker.java:989)
at org.testng.internal.TestMethodWorker.invokeTestMethods(TestMethodWorker.java:125)
at org.testng.internal.TestMethodWorker.run(TestMethodWorker.java:109)
at java.util.concurrent.ThreadPoolExecutor.runWorker(Unknown Source)
at java.util.concurrent.ThreadPoolExecutor$Worker.run(Unknown Source)
at java.lang.Thread.run(Unknown Source)
]]>
    </failure>
  </testcase> <!-- fullTestonAllDevice -->
  <testcase name="webTectCheckVideoCameraTest" time="0.0" classname="com.americanwell.autotest_web.techCheck.WebTechCheck_Test">
    <ignored/>
  </testcase> <!-- webTectCheckVideoCameraTest -->
  <testcase name="webTectCheckInternetTest" time="0.0" classname="com.americanwell.autotest_web.techCheck.WebTechCheck_Test">
    <ignored/>
  </testcase> <!-- webTectCheckInternetTest -->
  <testcase name="webTectCheckSpeakerTest" time="0.0" classname="com.americanwell.autotest_web.techCheck.WebTechCheck_Test">
    <ignored/>
  </testcase> <!-- webTectCheckSpeakerTest -->
</testsuite> <!-- Web Tech Widget Check Test -->
