<?xml version="1.0" encoding="UTF-8"?>
<!-- Generated by org.testng.reporters.JUnitXMLReporter -->
<testsuite hostname="BOS-LAP-MDRASUL" ignored="0" name="Web Tech Widget Check Test" tests="3" failures="1" timestamp="15 Jul 2020 14:05:00 GMT" time="8.322" errors="0">
  <testcase name="webTectCheckSpeakerTest" time="0.166" classname="com.americanwell.autotest_web.techCheck.WebTechCheck_Test">
    <failure type="java.lang.AssertionError" message="failed.. expected [true] but found [false]">
      <![CDATA[java.lang.AssertionError: failed.. expected [true] but found [false]
at org.testng.Assert.fail(Assert.java:96)
at org.testng.Assert.failNotEquals(Assert.java:776)
at org.testng.Assert.assertTrue(Assert.java:44)
at com.americanwell.autotest_web.techCheck.WebTechCheck_Test.webTectCheckSpeakerTest(WebTechCheck_Test.java:123)
at sun.reflect.NativeMethodAccessorImpl.invoke0(Native Method)
at sun.reflect.NativeMethodAccessorImpl.invoke(Unknown Source)
at sun.reflect.DelegatingMethodAccessorImpl.invoke(Unknown Source)
at java.lang.reflect.Method.invoke(Unknown Source)
at org.testng.internal.MethodInvocationHelper.invokeMethod(MethodInvocationHelper.java:124)
at org.testng.internal.Invoker.invokeMethod(Invoker.java:583)
at org.testng.internal.Invoker.invokeTestMethod(Invoker.java:719)
at org.testng.internal.Invoker.invokeTestMethods(Invoker.java:989)
at org.testng.internal.TestMethodWorker.invokeTestMethods(TestMethodWorker.java:125)
at org.testng.internal.TestMethodWorker.run(TestMethodWorker.java:109)
at java.util.concurrent.ThreadPoolExecutor.runWorker(Unknown Source)
at java.util.concurrent.ThreadPoolExecutor$Worker.run(Unknown Source)
at java.lang.Thread.run(Unknown Source)
]]>
    </failure>
  </testcase> <!-- webTectCheckSpeakerTest -->
  <testcase name="webTectCheckSampleTest" time="3.048" classname="com.americanwell.autotest_web.techCheck.WebTechCheck_Test"/>
  <testcase name="webTectCheckMicTest" time="3.308" classname="com.americanwell.autotest_web.techCheck.WebTechCheck_Test"/>
</testsuite> <!-- Web Tech Widget Check Test -->
