<?xml version="1.0" encoding="UTF-8"?>
<testng-results skipped="0" failed="0" ignored="0" total="1" passed="1">
  <reporter-output>
  </reporter-output>
  <suite name="Default suite" duration-ms="11931" started-at="2020-09-01T14:56:42Z" finished-at="2020-09-01T14:56:54Z">
    <groups>
    </groups>
    <test name="Default test" duration-ms="11931" started-at="2020-09-01T14:56:42Z" finished-at="2020-09-01T14:56:54Z">
      <class name="com.americanwell.autotest_web.techCheck.WebBasicTenantAssetTest">
        <test-method status="PASS" signature="init()[pri:0, instance:com.americanwell.autotest_web.techCheck.WebBasicTenantAssetTest@47987356]" name="init" is-config="true" duration-ms="6168" started-at="2020-09-01T14:56:42Z" finished-at="2020-09-01T14:56:48Z">
          <reporter-output>
          </reporter-output>
        </test-method> <!-- init -->
        <test-method status="PASS" signature="alidateAssetUploadingUsingAdminUI()[pri:0, instance:com.americanwell.autotest_web.techCheck.WebBasicTenantAssetTest@47987356]" name="alidateAssetUploadingUsingAdminUI" duration-ms="5110" started-at="2020-09-01T14:56:48Z" finished-at="2020-09-01T14:56:54Z">
          <reporter-output>
          </reporter-output>
        </test-method> <!-- alidateAssetUploadingUsingAdminUI -->
        <test-method status="PASS" signature="ramDown()[pri:0, instance:com.americanwell.autotest_web.techCheck.WebBasicTenantAssetTest@47987356]" name="ramDown" is-config="true" duration-ms="635" started-at="2020-09-01T14:56:54Z" finished-at="2020-09-01T14:56:54Z">
          <reporter-output>
          </reporter-output>
        </test-method> <!-- ramDown -->
      </class> <!-- com.americanwell.autotest_web.techCheck.WebBasicTenantAssetTest -->
    </test> <!-- Default test -->
  </suite> <!-- Default suite -->
</testng-results>
